<?xml version="1.0" encoding="UTF-8"?>
<!-- Generated by org.testng.reporters.JUnitReportReporter -->
<testsuite hostname="Dharshini_Ravi" failures="0" tests="1" name="testCases.TC_AccountRegistrationTest" time="2.115" errors="0" timestamp="2025-03-29T10:34:36 IST" skipped="0">
  <testcase classname="testCases.TC_AccountRegistrationTest" name="verify_account_registration" time="2.115"/>
</testsuite> <!-- testCases.TC_AccountRegistrationTest -->
