<?xml version="1.0" encoding="UTF-8"?>
<!-- Generated by org.testng.reporters.JUnitReportReporter -->
<testsuite hostname="Dharshini_Ravi" failures="0" tests="1" name="testCases.TC_LoginTest" time="1.712" errors="0" timestamp="2025-03-29T11:45:56 IST" skipped="0">
  <testcase classname="testCases.TC_LoginTest" name="verifyLoginTest" time="1.712"/>
</testsuite> <!-- testCases.TC_LoginTest -->
